{"C:\\Users\\ayush\\Desktop\\Namaste_React\\src\\components\\Body.js": {"path":"C:\\Users\\ayush\\Desktop\\Namaste_React\\src\\components\\Body.js","statementMap":{"0":{"start":{"line":7,"column":13},"end":{"line":100,"column":1}},"1":{"start":{"line":8,"column":49},"end":{"line":8,"column":61}},"2":{"start":{"line":9,"column":54},"end":{"line":9,"column":66}},"3":{"start":{"line":11,"column":38},"end":{"line":11,"column":50}},"4":{"start":{"line":13,"column":33},"end":{"line":13,"column":64}},"5":{"start":{"line":15,"column":2},"end":{"line":17,"column":9}},"6":{"start":{"line":16,"column":4},"end":{"line":16,"column":16}},"7":{"start":{"line":19,"column":20},"end":{"line":32,"column":3}},"8":{"start":{"line":20,"column":17},"end":{"line":22,"column":5}},"9":{"start":{"line":23,"column":17},"end":{"line":23,"column":34}},"10":{"start":{"line":26,"column":6},"end":{"line":27,"column":27}},"11":{"start":{"line":30,"column":4},"end":{"line":30,"column":36}},"12":{"start":{"line":31,"column":4},"end":{"line":31,"column":39}},"13":{"start":{"line":34,"column":23},"end":{"line":34,"column":40}},"14":{"start":{"line":36,"column":2},"end":{"line":41,"column":6}},"15":{"start":{"line":37,"column":4},"end":{"line":41,"column":6}},"16":{"start":{"line":43,"column":2},"end":{"line":99,"column":4}},"17":{"start":{"line":55,"column":14},"end":{"line":55,"column":44}},"18":{"start":{"line":61,"column":14},"end":{"line":61,"column":41}},"19":{"start":{"line":62,"column":41},"end":{"line":64,"column":15}},"20":{"start":{"line":63,"column":16},"end":{"line":63,"column":78}},"21":{"start":{"line":65,"column":14},"end":{"line":65,"column":56}},"22":{"start":{"line":75,"column":35},"end":{"line":77,"column":15}},"23":{"start":{"line":76,"column":25},"end":{"line":76,"column":49}},"24":{"start":{"line":78,"column":14},"end":{"line":78,"column":50}},"25":{"start":{"line":87,"column":10},"end":{"line":95,"column":17}}},"fnMap":{"0":{"name":"(anonymous_0)","decl":{"start":{"line":7,"column":13},"end":{"line":7,"column":14}},"loc":{"start":{"line":7,"column":19},"end":{"line":100,"column":1}},"line":7},"1":{"name":"(anonymous_1)","decl":{"start":{"line":15,"column":12},"end":{"line":15,"column":13}},"loc":{"start":{"line":15,"column":18},"end":{"line":17,"column":3}},"line":15},"2":{"name":"(anonymous_2)","decl":{"start":{"line":19,"column":20},"end":{"line":19,"column":21}},"loc":{"start":{"line":19,"column":32},"end":{"line":32,"column":3}},"line":19},"3":{"name":"(anonymous_3)","decl":{"start":{"line":54,"column":22},"end":{"line":54,"column":23}},"loc":{"start":{"line":54,"column":29},"end":{"line":56,"column":13}},"line":54},"4":{"name":"(anonymous_4)","decl":{"start":{"line":60,"column":21},"end":{"line":60,"column":22}},"loc":{"start":{"line":60,"column":27},"end":{"line":66,"column":13}},"line":60},"5":{"name":"(anonymous_5)","decl":{"start":{"line":62,"column":65},"end":{"line":62,"column":66}},"loc":{"start":{"line":63,"column":16},"end":{"line":63,"column":78}},"line":63},"6":{"name":"(anonymous_6)","decl":{"start":{"line":74,"column":21},"end":{"line":74,"column":22}},"loc":{"start":{"line":74,"column":27},"end":{"line":79,"column":13}},"line":74},"7":{"name":"(anonymous_7)","decl":{"start":{"line":76,"column":16},"end":{"line":76,"column":17}},"loc":{"start":{"line":76,"column":25},"end":{"line":76,"column":49}},"line":76},"8":{"name":"(anonymous_8)","decl":{"start":{"line":86,"column":32},"end":{"line":86,"column":33}},"loc":{"start":{"line":87,"column":10},"end":{"line":95,"column":17}},"line":87}},"branchMap":{"0":{"loc":{"start":{"line":26,"column":6},"end":{"line":27,"column":27}},"type":"binary-expr","locations":[{"start":{"line":26,"column":6},"end":{"line":27,"column":21}},{"start":{"line":27,"column":25},"end":{"line":27,"column":27}}],"line":26},"1":{"loc":{"start":{"line":36,"column":2},"end":{"line":41,"column":6}},"type":"if","locations":[{"start":{"line":36,"column":2},"end":{"line":41,"column":6}},{"start":{},"end":{}}],"line":36},"2":{"loc":{"start":{"line":43,"column":9},"end":{"line":99,"column":3}},"type":"cond-expr","locations":[{"start":{"line":44,"column":4},"end":{"line":44,"column":15}},{"start":{"line":46,"column":4},"end":{"line":98,"column":10}}],"line":43},"3":{"loc":{"start":{"line":90,"column":12},"end":{"line":94,"column":11}},"type":"cond-expr","locations":[{"start":{"line":91,"column":12},"end":{"line":91,"column":59}},{"start":{"line":93,"column":12},"end":{"line":93,"column":50}}],"line":90}},"s":{"0":1,"1":4,"2":4,"3":4,"4":4,"5":4,"6":2,"7":4,"8":2,"9":2,"10":2,"11":2,"12":2,"13":4,"14":4,"15":0,"16":4,"17":0,"18":0,"19":0,"20":0,"21":0,"22":0,"23":0,"24":0,"25":0},"f":{"0":4,"1":2,"2":2,"3":0,"4":0,"5":0,"6":0,"7":0,"8":0},"b":{"0":[2,2],"1":[0,4],"2":[4,0],"3":[0,0]},"_coverageSchema":"1a1c01bbd47fc00a2c39e90264f33305004495a9","hash":"f095c5182c9a54e0b2920e508b5edd8fe6a5cdef"}
,"C:\\Users\\ayush\\Desktop\\Namaste_React\\src\\components\\Contact.js": {"path":"C:\\Users\\ayush\\Desktop\\Namaste_React\\src\\components\\Contact.js","statementMap":{"0":{"start":{"line":1,"column":16},"end":{"line":22,"column":1}},"1":{"start":{"line":2,"column":2},"end":{"line":21,"column":4}}},"fnMap":{"0":{"name":"(anonymous_0)","decl":{"start":{"line":1,"column":16},"end":{"line":1,"column":17}},"loc":{"start":{"line":1,"column":22},"end":{"line":22,"column":1}},"line":1}},"branchMap":{},"s":{"0":1,"1":4},"f":{"0":4},"b":{},"_coverageSchema":"1a1c01bbd47fc00a2c39e90264f33305004495a9","hash":"548db61c9907a9e501a7a6515c0417c2d5a595d4"}
,"C:\\Users\\ayush\\Desktop\\Namaste_React\\src\\components\\ResturantCard.js": {"path":"C:\\Users\\ayush\\Desktop\\Namaste_React\\src\\components\\ResturantCard.js","statementMap":{"0":{"start":{"line":3,"column":23},"end":{"line":26,"column":1}},"1":{"start":{"line":4,"column":22},"end":{"line":4,"column":27}},"2":{"start":{"line":7,"column":4},"end":{"line":7,"column":17}},"3":{"start":{"line":9,"column":2},"end":{"line":25,"column":4}},"4":{"start":{"line":29,"column":32},"end":{"line":40,"column":1}},"5":{"start":{"line":30,"column":2},"end":{"line":39,"column":4}},"6":{"start":{"line":31,"column":4},"end":{"line":38,"column":6}}},"fnMap":{"0":{"name":"(anonymous_0)","decl":{"start":{"line":3,"column":23},"end":{"line":3,"column":24}},"loc":{"start":{"line":3,"column":34},"end":{"line":26,"column":1}},"line":3},"1":{"name":"(anonymous_1)","decl":{"start":{"line":29,"column":32},"end":{"line":29,"column":33}},"loc":{"start":{"line":29,"column":52},"end":{"line":40,"column":1}},"line":29},"2":{"name":"(anonymous_2)","decl":{"start":{"line":30,"column":9},"end":{"line":30,"column":10}},"loc":{"start":{"line":30,"column":20},"end":{"line":39,"column":3}},"line":30}},"branchMap":{},"s":{"0":2,"1":3,"2":2,"3":0,"4":2,"5":4,"6":0},"f":{"0":3,"1":4,"2":0},"b":{},"_coverageSchema":"1a1c01bbd47fc00a2c39e90264f33305004495a9","hash":"12875435f8816eca36b92ffa427e6600d7085284"}
,"C:\\Users\\ayush\\Desktop\\Namaste_React\\src\\components\\Shimmer.js": {"path":"C:\\Users\\ayush\\Desktop\\Namaste_React\\src\\components\\Shimmer.js","statementMap":{"0":{"start":{"line":1,"column":16},"end":{"line":15,"column":1}},"1":{"start":{"line":2,"column":2},"end":{"line":14,"column":2}}},"fnMap":{"0":{"name":"(anonymous_0)","decl":{"start":{"line":1,"column":16},"end":{"line":1,"column":17}},"loc":{"start":{"line":1,"column":22},"end":{"line":15,"column":1}},"line":1}},"branchMap":{},"s":{"0":1,"1":4},"f":{"0":4},"b":{},"_coverageSchema":"1a1c01bbd47fc00a2c39e90264f33305004495a9","hash":"588f4d2fede46e2e401cccd6f50f21754ad418f7"}
,"C:\\Users\\ayush\\Desktop\\Namaste_React\\src\\components\\header.js": {"path":"C:\\Users\\ayush\\Desktop\\Namaste_React\\src\\components\\header.js","statementMap":{"0":{"start":{"line":8,"column":22},"end":{"line":59,"column":1}},"1":{"start":{"line":9,"column":42},"end":{"line":9,"column":59}},"2":{"start":{"line":11,"column":23},"end":{"line":11,"column":40}},"3":{"start":{"line":13,"column":27},"end":{"line":13,"column":50}},"4":{"start":{"line":17,"column":20},"end":{"line":17,"column":60}},"5":{"start":{"line":17,"column":43},"end":{"line":17,"column":59}},"6":{"start":{"line":20,"column":2},"end":{"line":58,"column":4}},"7":{"start":{"line":46,"column":14},"end":{"line":48,"column":43}}},"fnMap":{"0":{"name":"(anonymous_0)","decl":{"start":{"line":8,"column":22},"end":{"line":8,"column":23}},"loc":{"start":{"line":8,"column":28},"end":{"line":59,"column":1}},"line":8},"1":{"name":"(anonymous_1)","decl":{"start":{"line":17,"column":32},"end":{"line":17,"column":33}},"loc":{"start":{"line":17,"column":43},"end":{"line":17,"column":59}},"line":17},"2":{"name":"(anonymous_2)","decl":{"start":{"line":45,"column":21},"end":{"line":45,"column":22}},"loc":{"start":{"line":45,"column":27},"end":{"line":49,"column":13}},"line":45}},"branchMap":{"0":{"loc":{"start":{"line":27,"column":47},"end":{"line":27,"column":72}},"type":"cond-expr","locations":[{"start":{"line":27,"column":62},"end":{"line":27,"column":65}},{"start":{"line":27,"column":68},"end":{"line":27,"column":72}}],"line":27},"1":{"loc":{"start":{"line":46,"column":14},"end":{"line":48,"column":42}},"type":"cond-expr","locations":[{"start":{"line":47,"column":18},"end":{"line":47,"column":43}},{"start":{"line":48,"column":18},"end":{"line":48,"column":42}}],"line":46}},"s":{"0":1,"1":5,"2":5,"3":5,"4":5,"5":9,"6":5,"7":1},"f":{"0":5,"1":9,"2":1},"b":{"0":[5,0],"1":[1,0]},"_coverageSchema":"1a1c01bbd47fc00a2c39e90264f33305004495a9","hash":"9eb28ba6396c87dbf2361890feaf4fbdb97f0b3f"}
,"C:\\Users\\ayush\\Desktop\\Namaste_React\\src\\components\\sum.js": {"path":"C:\\Users\\ayush\\Desktop\\Namaste_React\\src\\components\\sum.js","statementMap":{"0":{"start":{"line":1,"column":19},"end":{"line":3,"column":3}},"1":{"start":{"line":2,"column":4},"end":{"line":2,"column":17}}},"fnMap":{"0":{"name":"(anonymous_0)","decl":{"start":{"line":1,"column":19},"end":{"line":1,"column":20}},"loc":{"start":{"line":1,"column":29},"end":{"line":3,"column":3}},"line":1}},"branchMap":{},"s":{"0":1,"1":1},"f":{"0":1},"b":{},"_coverageSchema":"1a1c01bbd47fc00a2c39e90264f33305004495a9","hash":"011676d2031c1dee8dc5e0286eec03b4ea3024f4"}
,"C:\\Users\\ayush\\Desktop\\Namaste_React\\src\\utils\\appStore.js": {"path":"C:\\Users\\ayush\\Desktop\\Namaste_React\\src\\utils\\appStore.js","statementMap":{"0":{"start":{"line":4,"column":17},"end":{"line":8,"column":2}}},"fnMap":{},"branchMap":{},"s":{"0":1},"f":{},"b":{},"_coverageSchema":"1a1c01bbd47fc00a2c39e90264f33305004495a9","hash":"8c4e0afd72323bf64612bd294437b1cb1e70e413"}
,"C:\\Users\\ayush\\Desktop\\Namaste_React\\src\\utils\\cartSlice.js": {"path":"C:\\Users\\ayush\\Desktop\\Namaste_React\\src\\utils\\cartSlice.js","statementMap":{"0":{"start":{"line":3,"column":18},"end":{"line":24,"column":2}},"1":{"start":{"line":11,"column":6},"end":{"line":11,"column":39}},"2":{"start":{"line":14,"column":6},"end":{"line":14,"column":24}},"3":{"start":{"line":21,"column":6},"end":{"line":21,"column":27}},"4":{"start":{"line":26,"column":50},"end":{"line":26,"column":67}}},"fnMap":{"0":{"name":"(anonymous_0)","decl":{"start":{"line":9,"column":13},"end":{"line":9,"column":14}},"loc":{"start":{"line":9,"column":32},"end":{"line":12,"column":5}},"line":9},"1":{"name":"(anonymous_1)","decl":{"start":{"line":13,"column":16},"end":{"line":13,"column":17}},"loc":{"start":{"line":13,"column":35},"end":{"line":15,"column":5}},"line":13},"2":{"name":"(anonymous_2)","decl":{"start":{"line":17,"column":15},"end":{"line":17,"column":16}},"loc":{"start":{"line":17,"column":34},"end":{"line":22,"column":5}},"line":17}},"branchMap":{},"s":{"0":1,"1":0,"2":0,"3":0,"4":1},"f":{"0":0,"1":0,"2":0},"b":{},"_coverageSchema":"1a1c01bbd47fc00a2c39e90264f33305004495a9","hash":"409ddff29de111b0a9913a71d3a5da3c92811bd3"}
,"C:\\Users\\ayush\\Desktop\\Namaste_React\\src\\utils\\constants.js": {"path":"C:\\Users\\ayush\\Desktop\\Namaste_React\\src\\utils\\constants.js","statementMap":{"0":{"start":{"line":1,"column":24},"end":{"line":1,"column":114}},"1":{"start":{"line":4,"column":24},"end":{"line":4,"column":96}},"2":{"start":{"line":7,"column":24},"end":{"line":7,"column":146}}},"fnMap":{},"branchMap":{},"s":{"0":3,"1":3,"2":3},"f":{},"b":{},"_coverageSchema":"1a1c01bbd47fc00a2c39e90264f33305004495a9","hash":"877c61e5333890526a8f40880329029deadec7a2"}
,"C:\\Users\\ayush\\Desktop\\Namaste_React\\src\\utils\\useOnlineStatus.js": {"path":"C:\\Users\\ayush\\Desktop\\Namaste_React\\src\\utils\\useOnlineStatus.js","statementMap":{"0":{"start":{"line":3,"column":24},"end":{"line":18,"column":1}},"1":{"start":{"line":4,"column":42},"end":{"line":4,"column":56}},"2":{"start":{"line":6,"column":2},"end":{"line":14,"column":9}},"3":{"start":{"line":7,"column":4},"end":{"line":9,"column":7}},"4":{"start":{"line":8,"column":6},"end":{"line":8,"column":29}},"5":{"start":{"line":11,"column":4},"end":{"line":13,"column":7}},"6":{"start":{"line":12,"column":6},"end":{"line":12,"column":28}},"7":{"start":{"line":17,"column":2},"end":{"line":17,"column":22}}},"fnMap":{"0":{"name":"(anonymous_0)","decl":{"start":{"line":3,"column":24},"end":{"line":3,"column":25}},"loc":{"start":{"line":3,"column":30},"end":{"line":18,"column":1}},"line":3},"1":{"name":"(anonymous_1)","decl":{"start":{"line":6,"column":12},"end":{"line":6,"column":13}},"loc":{"start":{"line":6,"column":18},"end":{"line":14,"column":3}},"line":6},"2":{"name":"(anonymous_2)","decl":{"start":{"line":7,"column":39},"end":{"line":7,"column":40}},"loc":{"start":{"line":7,"column":45},"end":{"line":9,"column":5}},"line":7},"3":{"name":"(anonymous_3)","decl":{"start":{"line":11,"column":38},"end":{"line":11,"column":39}},"loc":{"start":{"line":11,"column":44},"end":{"line":13,"column":5}},"line":11}},"branchMap":{},"s":{"0":2,"1":9,"2":9,"3":6,"4":0,"5":6,"6":0,"7":9},"f":{"0":9,"1":6,"2":0,"3":0},"b":{},"_coverageSchema":"1a1c01bbd47fc00a2c39e90264f33305004495a9","hash":"20a85dd9c1f28f235f8b83f868b64c6f81f300c1"}
,"C:\\Users\\ayush\\Desktop\\Namaste_React\\src\\utils\\userContext.js": {"path":"C:\\Users\\ayush\\Desktop\\Namaste_React\\src\\utils\\userContext.js","statementMap":{"0":{"start":{"line":3,"column":20},"end":{"line":5,"column":2}}},"fnMap":{},"branchMap":{},"s":{"0":1},"f":{},"b":{},"_coverageSchema":"1a1c01bbd47fc00a2c39e90264f33305004495a9","hash":"dbfd1a6bb517892a7db444a2a2faa8d9d87f6fe5"}
}
